
The following files have been resolved:
   org.springframework:spring-expression:jar:4.2.6.RELEASE:compile
   org.slf4j:jul-to-slf4j:jar:1.7.21:compile
   aopalliance:aopalliance:jar:1.0:compile
   org.hibernate:hibernate-validator:jar:5.2.4.Final:compile
   org.springframework:spring-aop:jar:4.2.6.RELEASE:compile
   org.springframework.data:spring-data-commons:jar:1.11.4.RELEASE:compile
   org.apache.tiles:tiles-request-jsp:jar:1.0.6:compile
   xml-apis:xml-apis:jar:1.0.b2:compile
   org.springframework.data:spring-data-jpa:jar:1.9.4.RELEASE:compile
   org.springframework:spring-web:jar:4.2.6.RELEASE:compile
   antlr:antlr:jar:2.7.7:compile
   javax.servlet:jstl:jar:1.2:compile
   org.springframework.boot:spring-boot-autoconfigure:jar:1.3.5.RELEASE:compile
   org.springframework:spring-beans:jar:4.2.6.RELEASE:compile
   org.apache.tiles:tiles-request-api:jar:1.0.6:compile
   com.fasterxml:classmate:jar:1.1.0:compile
   org.apache.tomcat.embed:tomcat-embed-core:jar:8.0.33:compile
   commons-digester:commons-digester:jar:2.1:compile
   mysql:mysql-connector-java:jar:5.1.38:compile
   org.apache.tomcat.embed:tomcat-embed-el:jar:8.0.33:compile
   commons-beanutils:commons-beanutils:jar:1.9.2:compile
   org.springframework.boot:spring-boot:jar:1.3.5.RELEASE:compile
   com.fasterxml.jackson.core:jackson-core:jar:2.6.6:compile
   org.springframework:spring-webmvc:jar:4.2.6.RELEASE:compile
   javax.validation:validation-api:jar:1.1.0.Final:compile
   org.apache.tiles:tiles-servlet:jar:3.0.5:compile
   org.apache.tomcat.embed:tomcat-embed-jasper:jar:8.0.33:compile
   dom4j:dom4j:jar:1.6.1:compile
   org.eclipse.jdt.core.compiler:ecj:jar:4.5:compile
   org.slf4j:jcl-over-slf4j:jar:1.7.21:compile
   org.slf4j:log4j-over-slf4j:jar:1.7.21:compile
   org.apache.tiles:tiles-api:jar:3.0.5:compile
   org.springframework.boot:spring-boot-starter-data-jpa:jar:1.3.5.RELEASE:compile
   org.aspectj:aspectjweaver:jar:1.8.9:compile
   org.yaml:snakeyaml:jar:1.16:runtime
   org.springframework:spring-tx:jar:4.2.6.RELEASE:compile
   org.springframework.boot:spring-boot-starter-web:jar:1.3.5.RELEASE:compile
   org.apache.tiles:tiles-request-servlet:jar:1.0.6:compile
   org.hibernate:hibernate-core:jar:4.3.11.Final:compile
   org.apache.tiles:tiles-autotag-core-runtime:jar:1.1.0:compile
   org.apache.tiles:tiles-template:jar:3.0.5:compile
   org.jboss:jandex:jar:1.1.0.Final:compile
   org.hibernate.javax.persistence:hibernate-jpa-2.1-api:jar:1.0.0.Final:compile
   org.springframework.boot:spring-boot-starter-validation:jar:1.3.5.RELEASE:compile
   org.springframework:spring-core:jar:4.2.6.RELEASE:compile
   org.hibernate:hibernate-entitymanager:jar:4.3.11.Final:compile
   org.apache.tomcat:tomcat-jdbc:jar:8.0.33:compile
   org.apache.tomcat:tomcat-juli:jar:8.0.33:compile
   org.javassist:javassist:jar:3.18.1-GA:compile
   org.springframework:spring-orm:jar:4.2.6.RELEASE:compile
   org.hibernate.common:hibernate-commons-annotations:jar:4.0.5.Final:compile
   org.springframework.boot:spring-boot-starter:jar:1.3.5.RELEASE:compile
   org.slf4j:slf4j-api:jar:1.7.21:compile
   com.fasterxml.jackson.core:jackson-databind:jar:2.6.6:compile
   commons-collections:commons-collections:jar:3.2.2:compile
   org.jboss.logging:jboss-logging-annotations:jar:1.2.0.Beta1:compile
   org.apache.tiles:tiles-core:jar:3.0.5:compile
   org.springframework:spring-jdbc:jar:4.2.6.RELEASE:compile
   org.springframework.boot:spring-boot-starter-logging:jar:1.3.5.RELEASE:compile
   org.springframework.boot:spring-boot-starter-jdbc:jar:1.3.5.RELEASE:compile
   javax.transaction:javax.transaction-api:jar:1.2:compile
   ch.qos.logback:logback-classic:jar:1.1.7:compile
   org.springframework:spring-context:jar:4.2.6.RELEASE:compile
   org.springframework.boot:spring-boot-starter-aop:jar:1.3.5.RELEASE:compile
   ch.qos.logback:logback-core:jar:1.1.7:compile
   com.fasterxml.jackson.core:jackson-annotations:jar:2.6.6:compile
   org.apache.tiles:tiles-jsp:jar:3.0.5:compile
   org.springframework:spring-aspects:jar:4.2.6.RELEASE:compile
   org.jboss.logging:jboss-logging:jar:3.3.0.Final:compile

